[debug] [2024-06-10T01:34:11.076Z] ----------------------------------------------------------------------
[debug] [2024-06-10T01:34:11.080Z] Command:       C:\Program Files\nodejs\node.exe C:\Users\colom\AppData\Roaming\npm\node_modules\firebase-tools\lib\bin\firebase.js init
[debug] [2024-06-10T01:34:11.080Z] CLI Version:   13.11.2
[debug] [2024-06-10T01:34:11.080Z] Platform:      win32
[debug] [2024-06-10T01:34:11.081Z] Node Version:  v20.12.1
[debug] [2024-06-10T01:34:11.081Z] Time:          Sun Jun 09 2024 20:34:11 GMT-0500 (hora estándar de Perú)
[debug] [2024-06-10T01:34:11.081Z] ----------------------------------------------------------------------
[debug] 
[debug] [2024-06-10T01:34:11.090Z] > command requires scopes: ["email","openid","https://www.googleapis.com/auth/cloudplatformprojects.readonly","https://www.googleapis.com/auth/firebase","https://www.googleapis.com/auth/cloud-platform"]
[debug] [2024-06-10T01:34:11.091Z] > authorizing via signed-in user (colombomaurera@gmail.com)
[info] 
     ######## #### ########  ######## ########     ###     ######  ########
     ##        ##  ##     ## ##       ##     ##  ##   ##  ##       ##
     ######    ##  ########  ######   ########  #########  ######  ######
     ##        ##  ##    ##  ##       ##     ## ##     ##       ## ##
     ##       #### ##     ## ######## ########  ##     ##  ######  ########

You're about to initialize a Firebase project in this directory:

  C:\Users\colom\Downloads\estudio\semestre 6\startup\web\en react\ecolapp

[info] 
=== Project Setup
[info] 
[info] First, let's associate this project directory with a Firebase project.
[info] You can create multiple project aliases by running firebase use --add, 
[info] but for now we'll just set up a default project.
[info] 
[debug] [2024-06-10T01:39:31.392Z] >>> [apiv2][query] GET https://firebase.googleapis.com/v1beta1/projects pageSize=100
[debug] [2024-06-10T01:39:32.142Z] <<< [apiv2][status] GET https://firebase.googleapis.com/v1beta1/projects 200
[debug] [2024-06-10T01:39:32.142Z] <<< [apiv2][body] GET https://firebase.googleapis.com/v1beta1/projects [omitted]
